============================================================
Time  2017/06/07 01:02:34 448 
============================================================
[2017/06/07 01:02:34 448] lgi        523  SYS_MSG_LOAD  
[2017/06/07 01:02:34 453] lgi        545  SYS_MSG_REGCB  msp_status_cb  func(73f406a0) 
[2017/06/07 01:02:34 454] lgi        277  LGI_MSG_INIT  
[2017/06/07 01:02:34 454] lgi        280  lgi  lgi_  268436457  1428405365  
[2017/06/07 01:02:34 455] lgi        324  auth_appid=  56ee43d0  
[2017/06/07 01:02:34 456] lgi        425  prot_ver=1  
[2017/06/07 01:02:34 456] lgi        450  LGI_MSG_START, caller =  nil  
[2017/06/07 01:02:34 456] lgi        452  lgistat =   0  
[2017/06/07 01:02:34 457] transport  596  paramkvsport is   0  
[2017/06/07 01:02:34 457] transport  794  switch 80  
[2017/06/07 01:02:34 457] transport  801  net type:  standard  
[2017/06/07 01:02:34 457] transport  802  net operator:  def  
[2017/06/07 01:02:34 458] transport  803  use proxy:  false  
[2017/06/07 01:02:34 458] lgi        258  [session] send lgi request  
[2017/06/07 01:02:34 461] network    85   ipfromenv ,  ipcache  dev.voicecloud.cn  def  nil  
[2017/06/07 01:02:34 461] transport  1033 ns_i =  nil  
[2017/06/07 01:02:34 463] lgi        225  lver:  nil  
[2017/06/07 01:02:34 464] lgi        230  cfg_ver:  nil  
[2017/06/07 01:02:34 467] lgi        532  SYS_MSG_UNLOAD  go bg!  
[2017/06/07 01:02:34 544] lgi        450  LGI_MSG_START, caller =  ctts1PdHHBHeuUa2ugqoaat6WPntmZMkkV  
[2017/06/07 01:02:34 545] lgi        452  lgistat =   1  
[2017/06/07 01:02:34 954] transport  155  [dns] [0] response 116.213.69.199  
[2017/06/07 01:02:34 954] transport  163  116  213  69  199  
[2017/06/07 01:02:34 954] transport  199  ip front is  116.213.69  
[2017/06/07 01:02:34 954] transport  261  expected ip  
[2017/06/07 01:02:34 954] network    90   iptoenv ,  ipcache  dev.voicecloud.cn  def  116.213.69.199  
[2017/06/07 01:02:34 957] transport  1108 [soc] connect   116.213.69.199  80  
[2017/06/07 01:02:35 009] transport  458  [soc] [0] connected  
[2017/06/07 01:02:35 009] transport  1160 build http request.  
[2017/06/07 01:02:35 010] transport  1262 POST /msp.do HTTP/1.1
Host: dev.voicecloud.cn
Content-Type: multipart/mixed;boundary=--
Content-Length: 356
User-Agent: iFLYCloud
Cache-Control: no-cache
Accept: */*

----
CL:73
CT:text/plain

ver=MSSP+0%2E9&sub=auth&cmd=lgi&cver=5%2E0%2E11%2E1086&key=08oA8B370lmus=
----
CL:56
CT:text/appinfo
CE:gzip,encrypt/0.2

L¿b‹Ü7é.òÅx  
[2017/06/07 01:02:35 013] transport  480  [soc] [0] send ok  531  
[2017/06/07 01:02:35 101] transport  492  [soc] [0] readable  
[2017/06/07 01:02:35 101] transport  1534 HTTP/1.1 200 OK
Content-Type: text/plain
Content-Length: 162
X-Req-Date: 2017/06/07 09:02:35 150
Cache-Control: no-cache
CL: 162
X-Res-Date: 2017/06/07 09:02:35 164

ver=MSSP+0%2E9&ret=0&cver=5%2E0%2E11%2E1086&uid=d6890873757&key=0bJa5Ep4H0ntcmFEdICGt3S1NRNus4dZmxllmwNRfz7vW^^GHVr44O7MzgvTIfiefTz8V6vebKLtQlurbv56dLRSW6tu/np0tF  
[2017/06/07 01:02:35 102] transport  1281 a_complete_httpmessage  200  
[2017/06/07 01:02:35 102] transport  1390 is_update  false  
[2017/06/07 01:02:35 102] lgi        101  [trans] [id = lgi_] readable  
[2017/06/07 01:02:35 104] network    85   ipfromenv ,  ipcache  dev.voicecloud.cn  def  116.213.69.199  
[2017/06/07 01:02:35 104] transport  877  cached ip is confirmed  
[2017/06/07 01:02:35 104] transport  1139 [soc] disconnect   
[2017/06/07 01:02:35 105] lgi        130  lgi resp!  
[2017/06/07 01:02:35 105] lgi        137  lgi ok!  
[2017/06/07 01:02:35 105] lgi        144  unkown  d6890873757  
[2017/06/07 01:02:38 016] lgi        536  SYS_MSG_SHUTDOWN  
============================================================
Time  2017/06/07 01:10:58 016 
============================================================
[2017/06/07 01:10:58 016] lgi        523  SYS_MSG_LOAD  
[2017/06/07 01:10:58 021] lgi        545  SYS_MSG_REGCB  msp_status_cb  func(73e40660) 
[2017/06/07 01:10:58 022] lgi        277  LGI_MSG_INIT  
[2017/06/07 01:10:58 022] lgi        280  lgi  lgi_  268436457  1428405365  
[2017/06/07 01:10:58 023] lgi        324  auth_appid=  56ee43d0  
[2017/06/07 01:10:58 024] lgi        425  prot_ver=1  
[2017/06/07 01:10:58 024] lgi        450  LGI_MSG_START, caller =  nil  
[2017/06/07 01:10:58 025] lgi        452  lgistat =   0  
[2017/06/07 01:10:58 025] transport  596  paramkvsport is   0  
[2017/06/07 01:10:58 025] transport  794  switch 80  
[2017/06/07 01:10:58 025] transport  801  net type:  standard  
[2017/06/07 01:10:58 026] transport  802  net operator:  def  
[2017/06/07 01:10:58 026] transport  803  use proxy:  false  
[2017/06/07 01:10:58 026] lgi        258  [session] send lgi request  
[2017/06/07 01:10:58 029] network    85   ipfromenv ,  ipcache  dev.voicecloud.cn  def  nil  
[2017/06/07 01:10:58 030] transport  1033 ns_i =  nil  
[2017/06/07 01:10:58 034] lgi        225  lver:  nil  
[2017/06/07 01:10:58 034] lgi        230  cfg_ver:  nil  
[2017/06/07 01:10:58 052] lgi        532  SYS_MSG_UNLOAD  go bg!  
[2017/06/07 01:10:58 122] transport  155  [dns] [0] response 116.213.69.199  
[2017/06/07 01:10:58 122] transport  163  116  213  69  199  
[2017/06/07 01:10:58 122] transport  192  iplist not avail  
[2017/06/07 01:10:58 122] transport  247  no iplist now  
[2017/06/07 01:10:58 122] network    90   iptoenv ,  ipcache  dev.voicecloud.cn  def  116.213.69.199  
[2017/06/07 01:10:58 125] transport  1108 [soc] connect   116.213.69.199  80  
[2017/06/07 01:10:58 179] transport  458  [soc] [0] connected  
[2017/06/07 01:10:58 179] transport  1160 build http request.  
[2017/06/07 01:10:58 180] transport  1262 POST /msp.do HTTP/1.1
Host: dev.voicecloud.cn
Content-Type: multipart/mixed;boundary=--
Content-Length: 372
User-Agent: iFLYCloud
Cache-Control: no-cache
Accept: */*

----
CL:73
CT:text/plain

ver=MSSP+0%2E9&sub=auth&cmd=lgi&cver=5%2E0%2E11%2E1086&key=08oA8B370lmus=
----
CL:56
CT:text/appinfo
CE:gzip,encrypt/0.2

L¿b‹Ü7é.òÅx  
[2017/06/07 01:10:58 182] transport  480  [soc] [0] send ok  547  
[2017/06/07 01:10:58 224] lgi        450  LGI_MSG_START, caller =  ctts1PdHHBHeuU0457iqaam6tWSbm2au3d  
[2017/06/07 01:10:58 224] lgi        452  lgistat =   1  
[2017/06/07 01:10:58 266] transport  492  [soc] [0] readable  
[2017/06/07 01:10:58 266] transport  1534 HTTP/1.1 200 OK
Content-Type: text/plain
Content-Length: 162
X-Req-Date: 2017/06/07 09:10:58 307
Cache-Control: no-cache
CL: 162
X-Res-Date: 2017/06/07 09:10:58 317

ver=MSSP+0%2E9&ret=0&cver=5%2E0%2E11%2E1086&uid=d6890873757&key=0bM7SSAa6xn4bDLHdq3d2na6ggLkqxMm72zsZa3ldUvS6^^GHVr44O7MzgvTIfiefTz8V6vebKLtQlurbv56dLRSW6tu/np0tF  
[2017/06/07 01:10:58 266] transport  1281 a_complete_httpmessage  200  
[2017/06/07 01:10:58 266] transport  1390 is_update  false  
[2017/06/07 01:10:58 267] lgi        101  [trans] [id = lgi_] readable  
[2017/06/07 01:10:58 269] network    85   ipfromenv ,  ipcache  dev.voicecloud.cn  def  116.213.69.199  
[2017/06/07 01:10:58 269] transport  877  cached ip is confirmed  
[2017/06/07 01:10:58 269] transport  1139 [soc] disconnect   
[2017/06/07 01:10:58 269] lgi        130  lgi resp!  
[2017/06/07 01:10:58 269] lgi        137  lgi ok!  
[2017/06/07 01:10:58 270] lgi        144  unkown  d6890873757  
[2017/06/07 01:11:07 097] lgi        536  SYS_MSG_SHUTDOWN  
============================================================
Time  2017/06/07 01:54:56 241 
============================================================
[2017/06/07 01:54:56 241] lgi        523  SYS_MSG_LOAD  
[2017/06/07 01:54:56 246] lgi        545  SYS_MSG_REGCB  msp_status_cb  func(73f40688) 
[2017/06/07 01:54:56 247] lgi        277  LGI_MSG_INIT  
[2017/06/07 01:54:56 247] lgi        280  lgi  lgi_  268436457  1428405365  
[2017/06/07 01:54:56 248] lgi        324  auth_appid=  56ee43d0  
[2017/06/07 01:54:56 249] lgi        425  prot_ver=1  
[2017/06/07 01:54:56 249] lgi        450  LGI_MSG_START, caller =  nil  
[2017/06/07 01:54:56 249] lgi        452  lgistat =   0  
[2017/06/07 01:54:56 250] transport  596  paramkvsport is   0  
[2017/06/07 01:54:56 250] transport  794  switch 80  
[2017/06/07 01:54:56 250] transport  801  net type:  standard  
[2017/06/07 01:54:56 251] transport  802  net operator:  def  
[2017/06/07 01:54:56 251] transport  803  use proxy:  false  
[2017/06/07 01:54:56 251] lgi        258  [session] send lgi request  
[2017/06/07 01:54:56 254] network    85   ipfromenv ,  ipcache  dev.voicecloud.cn  def  nil  
[2017/06/07 01:54:56 255] transport  1033 ns_i =  nil  
[2017/06/07 01:54:56 258] lgi        225  lver:  nil  
[2017/06/07 01:54:56 259] lgi        230  cfg_ver:  nil  
[2017/06/07 01:54:56 268] lgi        532  SYS_MSG_UNLOAD  go bg!  
[2017/06/07 01:54:56 346] transport  155  [dns] [0] response 116.213.69.199  
[2017/06/07 01:54:56 346] transport  163  116  213  69  199  
[2017/06/07 01:54:56 346] transport  192  iplist not avail  
[2017/06/07 01:54:56 347] transport  247  no iplist now  
[2017/06/07 01:54:56 347] network    90   iptoenv ,  ipcache  dev.voicecloud.cn  def  116.213.69.199  
[2017/06/07 01:54:56 352] transport  1108 [soc] connect   116.213.69.199  80  
[2017/06/07 01:54:56 363] lgi        450  LGI_MSG_START, caller =  ctts1PdHHBHeuUfieLUyaa1fFWPKWFEHlQ  
[2017/06/07 01:54:56 363] lgi        452  lgistat =   1  
[2017/06/07 01:54:56 403] transport  458  [soc] [0] connected  
[2017/06/07 01:54:56 404] transport  1160 build http request.  
[2017/06/07 01:54:56 405] transport  1262 POST /msp.do HTTP/1.1
Host: dev.voicecloud.cn
Content-Type: multipart/mixed;boundary=--
Content-Length: 372
User-Agent: iFLYCloud
Cache-Control: no-cache
Accept: */*

----
CL:73
CT:text/plain

ver=MSSP+0%2E9&sub=auth&cmd=lgi&cver=5%2E0%2E11%2E1086&key=08oA8B370lmus=
----
CL:56
CT:text/appinfo
CE:gzip,encrypt/0.2

L¿b‹Ü7é.òÅx  
[2017/06/07 01:54:56 407] transport  480  [soc] [0] send ok  547  
[2017/06/07 01:54:56 459] transport  492  [soc] [0] readable  
[2017/06/07 01:54:56 460] transport  1534 HTTP/1.1 200 OK
Content-Type: text/plain
Content-Length: 162
X-Req-Date: 2017/06/07 09:54:56 470
Cache-Control: no-cache
CL: 162
X-Res-Date: 2017/06/07 09:54:56 482

ver=MSSP+0%2E9&ret=0&cver=5%2E0%2E11%2E1086&uid=d6890873757&key=0b/VwDuj3lVc5bsgWy/NRbRp1qhI7FJyFL25qwPEiNlU2^^GHVr44O7MzgvTIfiefTz8V6vebKLtQlurbv56dLRSW6tu/np0tF  
[2017/06/07 01:54:56 460] transport  1281 a_complete_httpmessage  200  
[2017/06/07 01:54:56 460] transport  1390 is_update  false  
[2017/06/07 01:54:56 460] lgi        101  [trans] [id = lgi_] readable  
[2017/06/07 01:54:56 462] network    85   ipfromenv ,  ipcache  dev.voicecloud.cn  def  116.213.69.199  
[2017/06/07 01:54:56 463] transport  868  iplist not avail  
[2017/06/07 01:54:56 463] transport  1139 [soc] disconnect   
[2017/06/07 01:54:56 463] lgi        130  lgi resp!  
[2017/06/07 01:54:56 464] lgi        137  lgi ok!  
[2017/06/07 01:54:56 464] lgi        144  unkown  d6890873757  
[2017/06/07 01:54:59 535] lgi        536  SYS_MSG_SHUTDOWN  
