Sending build context to Docker daemon  16.9 kB
Step 1 : FROM resin/raspberry-pi3-python:3.6
 ---> 3f01678a7210
Step 2 : MAINTAINER jin.yang <magihome@qq.com>
 ---> Using cache
 ---> 731e1c432f12
Step 3 : RUN curl -sL https://deb.nodesource.com/setup_4.x | sudo -E bash
 ---> Using cache
 ---> 3ab0ad08f732
Step 4 : RUN sudo apt-get update && sudo apt-get install -y nodejs
 ---> Using cache
 ---> 704132ada2fa
Step 5 : RUN sudo apt-get update && sudo apt-get -y install libavahi-compat-libdnssd-dev
 ---> Using cache
 ---> 453f695a810c
Step 6 : RUN sudo npm install -g -unsafe-perm homebridge hap-nodejs node-gyp
 ---> Using cache
 ---> 3b1676b66f7e
Step 7 : WORKDIR /usr/lib/node_modules/homebridge/
 ---> Using cache
 ---> 4d737b6881dc
Step 8 : RUN sudo npm install -unsafe-perm bignum
 ---> Using cache
 ---> 0e625ef66b7d
Step 9 : WORKDIR /usr/lib/node_modules/hap-nodejs/node_modules/mdns
 ---> Using cache
 ---> 55eb608dcee5
Step 10 : RUN sudo node-gyp BUILDTYPE=Release rebuild
 ---> Using cache
 ---> 469e9b3108e2
Step 11 : WORKDIR /
 ---> Using cache
 ---> 55915ffefea2
Step 12 : RUN sudo npm install -g homebridge-homeassistant
 ---> Using cache
 ---> e64b8137e46a
Step 13 : RUN apt-get install --reinstall avahi-daemon
 ---> Using cache
 ---> a0ff3e9fdd7f
Step 14 : RUN sed -i 's/rlimit-nproc/#rlimit-nproc/' /etc/avahi/avahi-daemon.conf
 ---> Using cache
 ---> bdeded2848b2
Step 15 : RUN sed -i 's/AVAHI_DAEMON_DETECT_LOCAL=1/AVAHI_DAEMON_DETECT_LOCAL=0/' /etc/default/avahi-daemon
 ---> Using cache
 ---> 37d3c1c255e7
Step 16 : WORKDIR /root
 ---> Using cache
 ---> 9e8ffd5d672c
Step 17 : RUN sudo mkdir .homebridge
 ---> Using cache
 ---> 39d171642306
Step 18 : WORKDIR /usr/src/app
 ---> Using cache
 ---> f737831bbc32
Step 19 : COPY run.sh /usr/src/app/run.sh
 ---> 599eecb7eabd
Removing intermediate container eb43dee2693a
Step 20 : CMD ./run.sh
 ---> Running in 2efbf23f4340
 ---> d80025c6bc79
Removing intermediate container 2efbf23f4340
Successfully built d80025c6bc79
